This file contains any messages produced by compilers while
running configure, to aid debugging if configure makes a mistake.

It was created by libmpeg2 configure 0.5.1, which was
generated by GNU Autoconf 2.61.  Invocation command line was

  $ ./configure 

## --------- ##
## Platform. ##
## --------- ##

hostname = matt-archbook
uname -m = x86_64
uname -r = 5.9.9-arch1-1
uname -s = Linux
uname -v = #1 SMP PREEMPT Wed, 18 Nov 2020 19:52:04 +0000

/usr/bin/uname -p = unknown
/bin/uname -X     = unknown

/bin/arch              = unknown
/usr/bin/arch -k       = unknown
/usr/convex/getsysinfo = unknown
/usr/bin/hostinfo      = unknown
/bin/machine           = unknown
/usr/bin/oslevel       = unknown
/bin/universe          = unknown

PATH: /opt/cuda/bin
PATH: /usr/local/bin
PATH: /usr/bin
PATH: /bin
PATH: /usr/local/sbin
PATH: /opt/cuda/bin
PATH: /opt/cuda/integration/nsight-compute
PATH: /opt/cuda/integration/nsight-systems
PATH: /usr/lib/jvm/default/bin
PATH: /usr/bin/site_perl
PATH: /usr/bin/vendor_perl
PATH: /usr/bin/core_perl


## ----------- ##
## Core tests. ##
## ----------- ##

configure:2016: checking build system type
configure:2034: result: x86_64-unknown-linux-gnu
configure:2056: checking host system type
configure:2071: result: x86_64-unknown-linux-gnu
configure:2109: checking for a BSD-compatible install
configure:2165: result: /usr/bin/install -c
configure:2176: checking whether build environment is sane
configure:2219: result: yes
configure:2247: checking for a thread-safe mkdir -p
configure:2286: result: /usr/bin/mkdir -p
configure:2299: checking for gawk
configure:2315: found /usr/bin/gawk
configure:2326: result: gawk
configure:2337: checking whether make sets $(MAKE)
configure:2358: result: yes
configure:2546: checking whether to enable maintainer-specific portions of Makefiles
configure:2555: result: no
configure:2617: checking for gcc
configure:2633: found /opt/cuda/bin/gcc
configure:2644: result: gcc
configure:2882: checking for C compiler version
configure:2889: gcc --version >&5
gcc (GCC) 10.2.0
Copyright (C) 2020 Free Software Foundation, Inc.
This is free software; see the source for copying conditions.  There is NO
warranty; not even for MERCHANTABILITY or FITNESS FOR A PARTICULAR PURPOSE.

configure:2892: $? = 0
configure:2899: gcc -v >&5
Using built-in specs.
COLLECT_GCC=gcc
COLLECT_LTO_WRAPPER=/usr/lib/gcc/x86_64-pc-linux-gnu/10.2.0/lto-wrapper
Target: x86_64-pc-linux-gnu
Configured with: /build/gcc/src/gcc/configure --prefix=/usr --libdir=/usr/lib --libexecdir=/usr/lib --mandir=/usr/share/man --infodir=/usr/share/info --with-bugurl=https://bugs.archlinux.org/ --enable-languages=c,c++,ada,fortran,go,lto,objc,obj-c++,d --with-isl --with-linker-hash-style=gnu --with-system-zlib --enable-__cxa_atexit --enable-cet=auto --enable-checking=release --enable-clocale=gnu --enable-default-pie --enable-default-ssp --enable-gnu-indirect-function --enable-gnu-unique-object --enable-install-libiberty --enable-linker-build-id --enable-lto --enable-multilib --enable-plugin --enable-shared --enable-threads=posix --disable-libssp --disable-libstdcxx-pch --disable-libunwind-exceptions --disable-werror gdc_include_dir=/usr/include/dlang/gdc
Thread model: posix
Supported LTO compression algorithms: zlib zstd
gcc version 10.2.0 (GCC) 
configure:2902: $? = 0
configure:2909: gcc -V >&5
gcc: error: unrecognized command-line option '-V'
gcc: fatal error: no input files
compilation terminated.
configure:2912: $? = 1
configure:2935: checking for C compiler default output file name
configure:2962: gcc    conftest.c  >&5
configure:2965: $? = 0
configure:3003: result: a.out
configure:3020: checking whether the C compiler works
configure:3030: ./a.out
configure:3033: $? = 0
configure:3050: result: yes
configure:3057: checking whether we are cross compiling
configure:3059: result: no
configure:3062: checking for suffix of executables
configure:3069: gcc -o conftest    conftest.c  >&5
configure:3072: $? = 0
configure:3096: result: 
configure:3102: checking for suffix of object files
configure:3128: gcc -c   conftest.c >&5
configure:3131: $? = 0
configure:3154: result: o
configure:3158: checking whether we are using the GNU C compiler
configure:3187: gcc -c   conftest.c >&5
configure:3193: $? = 0
configure:3210: result: yes
configure:3215: checking whether gcc accepts -g
configure:3245: gcc -c -g  conftest.c >&5
configure:3251: $? = 0
configure:3350: result: yes
configure:3367: checking for gcc option to accept ISO C89
configure:3441: gcc  -c -g -O2  conftest.c >&5
configure:3447: $? = 0
configure:3470: result: none needed
configure:3499: checking for style of include used by make
configure:3527: result: GNU
configure:3552: checking dependency style of gcc
configure:3643: result: gcc3
configure:3664: checking how to run the C preprocessor
configure:3704: gcc -E  conftest.c
configure:3710: $? = 0
configure:3741: gcc -E  conftest.c
conftest.c:10:10: fatal error: ac_nonexistent.h: No such file or directory
   10 | #include <ac_nonexistent.h>
      |          ^~~~~~~~~~~~~~~~~~
compilation terminated.
configure:3747: $? = 1
configure: failed program was:
| /* confdefs.h.  */
| #define PACKAGE_NAME "libmpeg2"
| #define PACKAGE_TARNAME "libmpeg2"
| #define PACKAGE_VERSION "0.5.1"
| #define PACKAGE_STRING "libmpeg2 0.5.1"
| #define PACKAGE_BUGREPORT ""
| #define PACKAGE "libmpeg2"
| #define VERSION "0.5.1"
| /* end confdefs.h.  */
| #include <ac_nonexistent.h>
configure:3780: result: gcc -E
configure:3809: gcc -E  conftest.c
configure:3815: $? = 0
configure:3846: gcc -E  conftest.c
conftest.c:10:10: fatal error: ac_nonexistent.h: No such file or directory
   10 | #include <ac_nonexistent.h>
      |          ^~~~~~~~~~~~~~~~~~
compilation terminated.
configure:3852: $? = 1
configure: failed program was:
| /* confdefs.h.  */
| #define PACKAGE_NAME "libmpeg2"
| #define PACKAGE_TARNAME "libmpeg2"
| #define PACKAGE_VERSION "0.5.1"
| #define PACKAGE_STRING "libmpeg2 0.5.1"
| #define PACKAGE_BUGREPORT ""
| #define PACKAGE "libmpeg2"
| #define VERSION "0.5.1"
| /* end confdefs.h.  */
| #include <ac_nonexistent.h>
configure:3890: checking for grep that handles long lines and -e
configure:3964: result: /usr/bin/grep
configure:3969: checking for egrep
configure:4047: result: /usr/bin/grep -E
configure:4053: checking whether gcc needs -traditional
configure:4095: result: no
configure:4111: checking dependency style of gcc
configure:4202: result: gcc3
configure:4218: checking for ANSI C header files
configure:4248: gcc -c -g -O2  conftest.c >&5
configure:4254: $? = 0
configure:4353: gcc -o conftest -g -O2   conftest.c  >&5
configure:4356: $? = 0
configure:4362: ./conftest
configure:4365: $? = 0
configure:4382: result: yes
configure:4406: checking for sys/types.h
configure:4427: gcc -c -g -O2  conftest.c >&5
configure:4433: $? = 0
configure:4449: result: yes
configure:4406: checking for sys/stat.h
configure:4427: gcc -c -g -O2  conftest.c >&5
configure:4433: $? = 0
configure:4449: result: yes
configure:4406: checking for stdlib.h
configure:4427: gcc -c -g -O2  conftest.c >&5
configure:4433: $? = 0
configure:4449: result: yes
configure:4406: checking for string.h
configure:4427: gcc -c -g -O2  conftest.c >&5
configure:4433: $? = 0
configure:4449: result: yes
configure:4406: checking for memory.h
configure:4427: gcc -c -g -O2  conftest.c >&5
configure:4433: $? = 0
configure:4449: result: yes
configure:4406: checking for strings.h
configure:4427: gcc -c -g -O2  conftest.c >&5
configure:4433: $? = 0
configure:4449: result: yes
configure:4406: checking for inttypes.h
configure:4427: gcc -c -g -O2  conftest.c >&5
configure:4433: $? = 0
configure:4449: result: yes
configure:4406: checking for stdint.h
configure:4427: gcc -c -g -O2  conftest.c >&5
configure:4433: $? = 0
configure:4449: result: yes
configure:4406: checking for unistd.h
configure:4427: gcc -c -g -O2  conftest.c >&5
configure:4433: $? = 0
configure:4449: result: yes
configure:4479: checking sys/time.h usability
configure:4496: gcc -c -g -O2  conftest.c >&5
configure:4502: $? = 0
configure:4516: result: yes
configure:4520: checking sys/time.h presence
configure:4535: gcc -E  conftest.c
configure:4541: $? = 0
configure:4555: result: yes
configure:4583: checking for sys/time.h
configure:4591: result: yes
configure:4479: checking time.h usability
configure:4496: gcc -c -g -O2  conftest.c >&5
configure:4502: $? = 0
configure:4516: result: yes
configure:4520: checking time.h presence
configure:4535: gcc -E  conftest.c
configure:4541: $? = 0
configure:4555: result: yes
configure:4583: checking for time.h
configure:4591: result: yes
configure:4479: checking sys/timeb.h usability
configure:4496: gcc -c -g -O2  conftest.c >&5
configure:4502: $? = 0
configure:4516: result: yes
configure:4520: checking sys/timeb.h presence
configure:4535: gcc -E  conftest.c
configure:4541: $? = 0
configure:4555: result: yes
configure:4583: checking for sys/timeb.h
configure:4591: result: yes
configure:4479: checking io.h usability
configure:4496: gcc -c -g -O2  conftest.c >&5
conftest.c:56:10: fatal error: io.h: No such file or directory
   56 | #include <io.h>
      |          ^~~~~~
compilation terminated.
configure:4502: $? = 1
configure: failed program was:
| /* confdefs.h.  */
| #define PACKAGE_NAME "libmpeg2"
| #define PACKAGE_TARNAME "libmpeg2"
| #define PACKAGE_VERSION "0.5.1"
| #define PACKAGE_STRING "libmpeg2 0.5.1"
| #define PACKAGE_BUGREPORT ""
| #define PACKAGE "libmpeg2"
| #define VERSION "0.5.1"
| #define STDC_HEADERS 1
| #define HAVE_SYS_TYPES_H 1
| #define HAVE_SYS_STAT_H 1
| #define HAVE_STDLIB_H 1
| #define HAVE_STRING_H 1
| #define HAVE_MEMORY_H 1
| #define HAVE_STRINGS_H 1
| #define HAVE_INTTYPES_H 1
| #define HAVE_STDINT_H 1
| #define HAVE_UNISTD_H 1
| #define HAVE_SYS_TIME_H 1
| #define HAVE_TIME_H 1
| #define HAVE_SYS_TIMEB_H 1
| /* end confdefs.h.  */
| #include <stdio.h>
| #ifdef HAVE_SYS_TYPES_H
| # include <sys/types.h>
| #endif
| #ifdef HAVE_SYS_STAT_H
| # include <sys/stat.h>
| #endif
| #ifdef STDC_HEADERS
| # include <stdlib.h>
| # include <stddef.h>
| #else
| # ifdef HAVE_STDLIB_H
| #  include <stdlib.h>
| # endif
| #endif
| #ifdef HAVE_STRING_H
| # if !defined STDC_HEADERS && defined HAVE_MEMORY_H
| #  include <memory.h>
| # endif
| # include <string.h>
| #endif
| #ifdef HAVE_STRINGS_H
| # include <strings.h>
| #endif
| #ifdef HAVE_INTTYPES_H
| # include <inttypes.h>
| #endif
| #ifdef HAVE_STDINT_H
| # include <stdint.h>
| #endif
| #ifdef HAVE_UNISTD_H
| # include <unistd.h>
| #endif
| #include <io.h>
configure:4516: result: no
configure:4520: checking io.h presence
configure:4535: gcc -E  conftest.c
conftest.c:23:10: fatal error: io.h: No such file or directory
   23 | #include <io.h>
      |          ^~~~~~
compilation terminated.
configure:4541: $? = 1
configure: failed program was:
| /* confdefs.h.  */
| #define PACKAGE_NAME "libmpeg2"
| #define PACKAGE_TARNAME "libmpeg2"
| #define PACKAGE_VERSION "0.5.1"
| #define PACKAGE_STRING "libmpeg2 0.5.1"
| #define PACKAGE_BUGREPORT ""
| #define PACKAGE "libmpeg2"
| #define VERSION "0.5.1"
| #define STDC_HEADERS 1
| #define HAVE_SYS_TYPES_H 1
| #define HAVE_SYS_STAT_H 1
| #define HAVE_STDLIB_H 1
| #define HAVE_STRING_H 1
| #define HAVE_MEMORY_H 1
| #define HAVE_STRINGS_H 1
| #define HAVE_INTTYPES_H 1
| #define HAVE_STDINT_H 1
| #define HAVE_UNISTD_H 1
| #define HAVE_SYS_TIME_H 1
| #define HAVE_TIME_H 1
| #define HAVE_SYS_TIMEB_H 1
| /* end confdefs.h.  */
| #include <io.h>
configure:4555: result: no
configure:4583: checking for io.h
configure:4591: result: no
configure:4613: checking if gcc supports  -Wall -Wpointer-arith -Wcast-align -Wcast-qual -Wstrict-prototypes -Wshadow -Waggregate-return -Wmissing-prototypes -Wnested-externs -Wsign-compare -g -O2 flags
configure:4638: gcc -c  -Wall -Wpointer-arith -Wcast-align -Wcast-qual -Wstrict-prototypes -Wshadow -Waggregate-return -Wmissing-prototypes -Wnested-externs -Wsign-compare -g -O2  conftest.c >&5
conftest.c:25:1: warning: function declaration isn't a prototype [-Wstrict-prototypes]
   25 | main ()
      | ^~~~
configure:4644: $? = 0
configure:4659: result: yes
configure:4671: checking if gcc supports  -Wall -Wpointer-arith -Wcast-align -Wcast-qual -Wstrict-prototypes -Wshadow -Waggregate-return -Wmissing-prototypes -Wnested-externs -Wsign-compare -g  -O3 flags
configure:4696: gcc -c  -Wall -Wpointer-arith -Wcast-align -Wcast-qual -Wstrict-prototypes -Wshadow -Waggregate-return -Wmissing-prototypes -Wnested-externs -Wsign-compare -g  -O3  conftest.c >&5
conftest.c:25:1: warning: function declaration isn't a prototype [-Wstrict-prototypes]
   25 | main ()
      | ^~~~
configure:4702: $? = 0
configure:4717: result: yes
configure:4738: checking if gcc supports  -Wall -Wpointer-arith -Wcast-align -Wcast-qual -Wstrict-prototypes -Wshadow -Waggregate-return -Wmissing-prototypes -Wnested-externs -Wsign-compare -g  -O3 -fomit-frame-pointer -g -O2 flags
configure:4763: gcc -c  -Wall -Wpointer-arith -Wcast-align -Wcast-qual -Wstrict-prototypes -Wshadow -Waggregate-return -Wmissing-prototypes -Wnested-externs -Wsign-compare -g  -O3 -fomit-frame-pointer -g -O2  conftest.c >&5
conftest.c:25:1: warning: function declaration isn't a prototype [-Wstrict-prototypes]
   25 | main ()
      | ^~~~
configure:4769: $? = 0
configure:4784: result: yes
configure:4794: checking if gcc supports  -Wall -Wpointer-arith -Wcast-align -Wcast-qual -Wstrict-prototypes -Wshadow -Waggregate-return -Wmissing-prototypes -Wnested-externs -Wsign-compare -g  -O3 -fomit-frame-pointer -fno-common -g -O2 flags
configure:4819: gcc -c  -Wall -Wpointer-arith -Wcast-align -Wcast-qual -Wstrict-prototypes -Wshadow -Waggregate-return -Wmissing-prototypes -Wnested-externs -Wsign-compare -g  -O3 -fomit-frame-pointer -fno-common -g -O2  conftest.c >&5
conftest.c:25:1: warning: function declaration isn't a prototype [-Wstrict-prototypes]
   25 | main ()
      | ^~~~
configure:4825: $? = 0
configure:4840: result: yes
configure:4863: checking if gcc supports  -Wall -Wpointer-arith -Wcast-align -Wcast-qual -Wstrict-prototypes -Wshadow -Waggregate-return -Wmissing-prototypes -Wnested-externs -Wsign-compare -g  -O3 -fomit-frame-pointer -fno-common -g -O2 flags
configure:4888: gcc -c  -Wall -Wpointer-arith -Wcast-align -Wcast-qual -Wstrict-prototypes -Wshadow -Waggregate-return -Wmissing-prototypes -Wnested-externs -Wsign-compare -g  -O3 -fomit-frame-pointer -fno-common -g -O2  conftest.c >&5
conftest.c:26:1: warning: function declaration isn't a prototype [-Wstrict-prototypes]
   26 | main ()
      | ^~~~
configure:4894: $? = 0
configure:4909: result: yes
configure:5300: checking for a sed that does not truncate output
configure:5356: result: /usr/bin/sed
configure:5370: checking for ld used by gcc
configure:5437: result: /usr/bin/ld
configure:5446: checking if the linker (/usr/bin/ld) is GNU ld
configure:5461: result: yes
configure:5466: checking for /usr/bin/ld option to reload object files
configure:5473: result: -r
configure:5491: checking for BSD-compatible nm
configure:5540: result: /usr/bin/nm -B
configure:5544: checking whether ln -s works
configure:5548: result: yes
configure:5555: checking how to recognize dependent libraries
configure:5741: result: pass_all
configure:5829: gcc -c -g -O2  conftest.c >&5
configure:5832: $? = 0
configure:6285: checking dlfcn.h usability
configure:6302: gcc -c -g -O2  conftest.c >&5
configure:6308: $? = 0
configure:6322: result: yes
configure:6326: checking dlfcn.h presence
configure:6341: gcc -E  conftest.c
configure:6347: $? = 0
configure:6361: result: yes
configure:6389: checking for dlfcn.h
configure:6397: result: yes
configure:6468: checking for g++
configure:6484: found /opt/cuda/bin/g++
configure:6495: result: g++
configure:6526: checking for C++ compiler version
configure:6533: g++ --version >&5
g++ (GCC) 10.2.0
Copyright (C) 2020 Free Software Foundation, Inc.
This is free software; see the source for copying conditions.  There is NO
warranty; not even for MERCHANTABILITY or FITNESS FOR A PARTICULAR PURPOSE.

configure:6536: $? = 0
configure:6543: g++ -v >&5
Using built-in specs.
COLLECT_GCC=g++
COLLECT_LTO_WRAPPER=/usr/lib/gcc/x86_64-pc-linux-gnu/10.2.0/lto-wrapper
Target: x86_64-pc-linux-gnu
Configured with: /build/gcc/src/gcc/configure --prefix=/usr --libdir=/usr/lib --libexecdir=/usr/lib --mandir=/usr/share/man --infodir=/usr/share/info --with-bugurl=https://bugs.archlinux.org/ --enable-languages=c,c++,ada,fortran,go,lto,objc,obj-c++,d --with-isl --with-linker-hash-style=gnu --with-system-zlib --enable-__cxa_atexit --enable-cet=auto --enable-checking=release --enable-clocale=gnu --enable-default-pie --enable-default-ssp --enable-gnu-indirect-function --enable-gnu-unique-object --enable-install-libiberty --enable-linker-build-id --enable-lto --enable-multilib --enable-plugin --enable-shared --enable-threads=posix --disable-libssp --disable-libstdcxx-pch --disable-libunwind-exceptions --disable-werror gdc_include_dir=/usr/include/dlang/gdc
Thread model: posix
Supported LTO compression algorithms: zlib zstd
gcc version 10.2.0 (GCC) 
configure:6546: $? = 0
configure:6553: g++ -V >&5
g++: error: unrecognized command-line option '-V'
g++: fatal error: no input files
compilation terminated.
configure:6556: $? = 1
configure:6559: checking whether we are using the GNU C++ compiler
configure:6588: g++ -c   conftest.cpp >&5
configure:6594: $? = 0
configure:6611: result: yes
configure:6616: checking whether g++ accepts -g
configure:6646: g++ -c -g  conftest.cpp >&5
configure:6652: $? = 0
configure:6751: result: yes
configure:6776: checking dependency style of g++
configure:6867: result: gcc3
configure:6892: checking how to run the C++ preprocessor
configure:6928: g++ -E  conftest.cpp
configure:6934: $? = 0
configure:6965: g++ -E  conftest.cpp
conftest.cpp:25:10: fatal error: ac_nonexistent.h: No such file or directory
   25 | #include <ac_nonexistent.h>
      |          ^~~~~~~~~~~~~~~~~~
compilation terminated.
configure:6971: $? = 1
configure: failed program was:
| /* confdefs.h.  */
| #define PACKAGE_NAME "libmpeg2"
| #define PACKAGE_TARNAME "libmpeg2"
| #define PACKAGE_VERSION "0.5.1"
| #define PACKAGE_STRING "libmpeg2 0.5.1"
| #define PACKAGE_BUGREPORT ""
| #define PACKAGE "libmpeg2"
| #define VERSION "0.5.1"
| #define STDC_HEADERS 1
| #define HAVE_SYS_TYPES_H 1
| #define HAVE_SYS_STAT_H 1
| #define HAVE_STDLIB_H 1
| #define HAVE_STRING_H 1
| #define HAVE_MEMORY_H 1
| #define HAVE_STRINGS_H 1
| #define HAVE_INTTYPES_H 1
| #define HAVE_STDINT_H 1
| #define HAVE_UNISTD_H 1
| #define HAVE_SYS_TIME_H 1
| #define HAVE_TIME_H 1
| #define HAVE_SYS_TIMEB_H 1
| #define ARCH_X86
| #define HAVE_DLFCN_H 1
| /* end confdefs.h.  */
| #include <ac_nonexistent.h>
configure:7004: result: g++ -E
configure:7033: g++ -E  conftest.cpp
configure:7039: $? = 0
configure:7070: g++ -E  conftest.cpp
conftest.cpp:25:10: fatal error: ac_nonexistent.h: No such file or directory
   25 | #include <ac_nonexistent.h>
      |          ^~~~~~~~~~~~~~~~~~
compilation terminated.
configure:7076: $? = 1
configure: failed program was:
| /* confdefs.h.  */
| #define PACKAGE_NAME "libmpeg2"
| #define PACKAGE_TARNAME "libmpeg2"
| #define PACKAGE_VERSION "0.5.1"
| #define PACKAGE_STRING "libmpeg2 0.5.1"
| #define PACKAGE_BUGREPORT ""
| #define PACKAGE "libmpeg2"
| #define VERSION "0.5.1"
| #define STDC_HEADERS 1
| #define HAVE_SYS_TYPES_H 1
| #define HAVE_SYS_STAT_H 1
| #define HAVE_STDLIB_H 1
| #define HAVE_STRING_H 1
| #define HAVE_MEMORY_H 1
| #define HAVE_STRINGS_H 1
| #define HAVE_INTTYPES_H 1
| #define HAVE_STDINT_H 1
| #define HAVE_UNISTD_H 1
| #define HAVE_SYS_TIME_H 1
| #define HAVE_TIME_H 1
| #define HAVE_SYS_TIMEB_H 1
| #define ARCH_X86
| #define HAVE_DLFCN_H 1
| /* end confdefs.h.  */
| #include <ac_nonexistent.h>
configure:7169: checking for g77
configure:7199: result: no
configure:7169: checking for xlf
configure:7199: result: no
configure:7169: checking for f77
configure:7199: result: no
configure:7169: checking for frt
configure:7199: result: no
configure:7169: checking for pgf77
configure:7199: result: no
configure:7169: checking for cf77
configure:7199: result: no
configure:7169: checking for fort77
configure:7199: result: no
configure:7169: checking for fl32
configure:7199: result: no
configure:7169: checking for af77
configure:7199: result: no
configure:7169: checking for xlf90
configure:7199: result: no
configure:7169: checking for f90
configure:7199: result: no
configure:7169: checking for pgf90
configure:7199: result: no
configure:7169: checking for pghpf
configure:7199: result: no
configure:7169: checking for epcf90
configure:7199: result: no
configure:7169: checking for gfortran
configure:7199: result: no
configure:7169: checking for g95
configure:7199: result: no
configure:7169: checking for xlf95
configure:7199: result: no
configure:7169: checking for f95
configure:7199: result: no
configure:7169: checking for fort
configure:7199: result: no
configure:7169: checking for ifort
configure:7199: result: no
configure:7169: checking for ifc
configure:7199: result: no
configure:7169: checking for efc
configure:7199: result: no
configure:7169: checking for pgf95
configure:7199: result: no
configure:7169: checking for lf95
configure:7199: result: no
configure:7169: checking for ftn
configure:7199: result: no
configure:7226: checking for Fortran 77 compiler version
configure:7233:  --version >&5
./configure: line 7234: --version: command not found
configure:7236: $? = 127
configure:7243:  -v >&5
./configure: line 7244: -v: command not found
configure:7246: $? = 127
configure:7253:  -V >&5
./configure: line 7254: -V: command not found
configure:7256: $? = 127
configure:7264: checking whether we are using the GNU Fortran 77 compiler
configure:7283:  -c  conftest.F >&5
./configure: line 7284: -c: command not found
configure:7289: $? = 127
configure: failed program was:
|       program main
| #ifndef __GNUC__
|        choke me
| #endif
| 
|       end
configure:7306: result: no
configure:7312: checking whether  accepts -g
configure:7329:  -c -g conftest.f >&5
./configure: line 7330: -c: command not found
configure:7335: $? = 127
configure: failed program was:
|       program main
| 
|       end
configure:7351: result: no
configure:7380: checking the maximum length of command line arguments
configure:7492: result: 1572864
configure:7504: checking command to parse /usr/bin/nm -B output from gcc object
configure:7609: gcc -c -g -O2  conftest.c >&5
configure:7612: $? = 0
configure:7616: /usr/bin/nm -B conftest.o \| sed -n -e 's/^.*[ 	]\([ABCDGIRSTW][ABCDGIRSTW]*\)[ 	][ 	]*\([_A-Za-z][_A-Za-z0-9]*\)$/\1 \2 \2/p' \> conftest.nm
configure:7619: $? = 0
configure:7671: gcc -o conftest -g -O2   conftest.c conftstm.o >&5
configure:7674: $? = 0
configure:7712: result: ok
configure:7716: checking for objdir
configure:7731: result: .libs
configure:7823: checking for ar
configure:7839: found /usr/bin/ar
configure:7850: result: ar
configure:7919: checking for ranlib
configure:7935: found /usr/bin/ranlib
configure:7946: result: ranlib
configure:8015: checking for strip
configure:8031: found /usr/bin/strip
configure:8042: result: strip
configure:8640: checking if gcc supports -fno-rtti -fno-exceptions
configure:8663: gcc -c -g -O2  -fno-rtti -fno-exceptions conftest.c >&5
cc1: warning: command-line option '-fno-rtti' is valid for C++/D/ObjC++ but not for C
configure:8667: $? = 0
configure:8675: result: no
configure:8665: checking for gcc option to produce PIC
configure:8897: result: -fPIC
configure:8905: checking if gcc PIC flag -fPIC works
configure:8953: gcc -c -g -O2  -fPIC -DPIC conftest.c >&5
configure:8957: $? = 0
configure:8940: result: yes
configure:8939: checking if gcc static flag -static works
configure:8967: result: yes
configure:8977: checking if gcc supports -c -o file.o
configure:9057: gcc -c -g -O2  -o out/conftest2.o conftest.c >&5
configure:9061: $? = 0
configure:9000: result: yes
configure:9026: checking whether the gcc linker (/usr/bin/ld -m elf_x86_64) supports shared libraries
configure:10007: result: yes
configure:10028: checking whether -lc should be explicitly linked in
configure:10033: gcc -c -g -O2  conftest.c >&5
configure:10036: $? = 0
configure:10051: gcc -shared conftest.o  -v -Wl,-soname -Wl,conftest -o conftest 2\>\&1 \| grep  -lc  \>/dev/null 2\>\&1
configure:10054: $? = 0
configure:10066: result: no
configure:10074: checking dynamic linker characteristics
configure:10688: result: GNU/Linux ld.so
configure:10712: checking how to hardcode library paths into programs
configure:10737: result: immediate
configure:10751: checking whether stripping libraries is possible
configure:10756: result: yes
configure:11558: checking if libtool supports shared libraries
configure:11560: result: yes
configure:11563: checking whether to build shared libraries
configure:11584: result: yes
configure:11587: checking whether to build static libraries
configure:11591: result: yes
configure:11685: creating libtool
configure:12278: checking for ld used by g++
configure:12345: result: /usr/bin/ld -m elf_x86_64
configure:12354: checking if the linker (/usr/bin/ld -m elf_x86_64) is GNU ld
configure:12369: result: yes
configure:12420: checking whether the g++ linker (/usr/bin/ld -m elf_x86_64) supports shared libraries
configure:13366: result: yes
configure:13383: g++ -c -g -O2  conftest.cpp >&5
configure:13386: $? = 0
configure:13542: checking for g++ option to produce PIC
configure:13826: result: -fPIC
configure:13834: checking if g++ PIC flag -fPIC works
configure:13935: g++ -c -g -O2  -fPIC -DPIC conftest.cpp >&5
configure:13939: $? = 0
configure:13869: result: yes
configure:13897: checking if g++ static flag -static works
configure:13925: result: yes
configure:13935: checking if g++ supports -c -o file.o
configure:14039: g++ -c -g -O2  -o out/conftest2.o conftest.cpp >&5
configure:14043: $? = 0
configure:13982: result: yes
configure:14008: checking whether the g++ linker (/usr/bin/ld -m elf_x86_64) supports shared libraries
configure:14037: result: yes
configure:14104: checking dynamic linker characteristics
configure:14666: result: GNU/Linux ld.so
configure:14690: checking how to hardcode library paths into programs
configure:14715: result: immediate
configure:20966: checking whether time.h and sys/time.h may both be included
configure:20996: gcc -c -g -O2  conftest.c >&5
configure:21002: $? = 0
configure:21017: result: yes
configure:21027: checking for struct timeval
configure:21059: gcc -c -g -O2  conftest.c >&5
configure:21065: $? = 0
configure:21080: result: yes
configure:21093: checking for inttypes.h
configure:21098: result: yes
configure:23991: checking for an ANSI C-conforming const
configure:24066: gcc -c -g -O2  conftest.c >&5
configure:24072: $? = 0
configure:24087: result: yes
configure:24097: checking for inline
configure:24123: gcc -c -g -O2  conftest.c >&5
configure:24129: $? = 0
configure:24147: result: inline
configure:24167: checking for always_inline
configure:24195: gcc -c -g -O2 -Wall -Werror  conftest.c >&5
configure:24201: $? = 0
configure:24216: result: yes
configure:24225: checking for restrict
configure:24250: gcc -c -g -O2  conftest.c >&5
configure:24256: $? = 0
configure:24271: result: restrict
configure:24285: checking for __builtin_expect
configure:24300: gcc -g -O2 -nostdlib -nostartfiles
            -o conftest conftest.c -lgcc >&5
/usr/bin/ld: warning: cannot find entry symbol _start; defaulting to 0000000000001000
configure:24303: $? = 0
configure:24311: result: yes
configure:24320: checking whether byte ordering is bigendian
configure:24353: gcc -c -g -O2  conftest.c >&5
configure:24359: $? = 0
configure:24391: gcc -c -g -O2  conftest.c >&5
conftest.c: In function 'main':
conftest.c:36:2: error: unknown type name 'not'; did you mean 'ino_t'?
   36 |  not big endian
      |  ^~~
      |  ino_t
conftest.c:36:10: error: expected '=', ',', ';', 'asm' or '__attribute__' before 'endian'
   36 |  not big endian
      |          ^~~~~~
configure:24397: $? = 1
configure: failed program was:
| /* confdefs.h.  */
| #define PACKAGE_NAME "libmpeg2"
| #define PACKAGE_TARNAME "libmpeg2"
| #define PACKAGE_VERSION "0.5.1"
| #define PACKAGE_STRING "libmpeg2 0.5.1"
| #define PACKAGE_BUGREPORT ""
| #define PACKAGE "libmpeg2"
| #define VERSION "0.5.1"
| #define STDC_HEADERS 1
| #define HAVE_SYS_TYPES_H 1
| #define HAVE_SYS_STAT_H 1
| #define HAVE_STDLIB_H 1
| #define HAVE_STRING_H 1
| #define HAVE_MEMORY_H 1
| #define HAVE_STRINGS_H 1
| #define HAVE_INTTYPES_H 1
| #define HAVE_STDINT_H 1
| #define HAVE_UNISTD_H 1
| #define HAVE_SYS_TIME_H 1
| #define HAVE_TIME_H 1
| #define HAVE_SYS_TIMEB_H 1
| #define ARCH_X86
| #define HAVE_DLFCN_H 1
| #define TIME_WITH_SYS_TIME 1
| #define HAVE_STRUCT_TIMEVAL 1
| #define inline __attribute__ ((__always_inline__))
| #define HAVE_BUILTIN_EXPECT
| /* end confdefs.h.  */
| #include <sys/types.h>
| #include <sys/param.h>
| 
| int
| main ()
| {
| #if BYTE_ORDER != BIG_ENDIAN
|  not big endian
| #endif
| 
|   ;
|   return 0;
| }
configure:24537: result: no
configure:24556: checking for working volatile
configure:24585: gcc -c -g -O2  conftest.c >&5
configure:24591: $? = 0
configure:24606: result: yes
configure:24616: checking for size_t
configure:24646: gcc -c -g -O2  conftest.c >&5
configure:24652: $? = 0
configure:24667: result: yes
configure:24679: checking return type of signal handlers
configure:24707: gcc -c -g -O2  conftest.c >&5
conftest.c: In function 'main':
conftest.c:35:10: error: void value not ignored as it ought to be
   35 | return *(signal (0, 0)) (0) == 1;
      |         ~^~~~~~~~~~~~~~~~~~
configure:24713: $? = 1
configure: failed program was:
| /* confdefs.h.  */
| #define PACKAGE_NAME "libmpeg2"
| #define PACKAGE_TARNAME "libmpeg2"
| #define PACKAGE_VERSION "0.5.1"
| #define PACKAGE_STRING "libmpeg2 0.5.1"
| #define PACKAGE_BUGREPORT ""
| #define PACKAGE "libmpeg2"
| #define VERSION "0.5.1"
| #define STDC_HEADERS 1
| #define HAVE_SYS_TYPES_H 1
| #define HAVE_SYS_STAT_H 1
| #define HAVE_STDLIB_H 1
| #define HAVE_STRING_H 1
| #define HAVE_MEMORY_H 1
| #define HAVE_STRINGS_H 1
| #define HAVE_INTTYPES_H 1
| #define HAVE_STDINT_H 1
| #define HAVE_UNISTD_H 1
| #define HAVE_SYS_TIME_H 1
| #define HAVE_TIME_H 1
| #define HAVE_SYS_TIMEB_H 1
| #define ARCH_X86
| #define HAVE_DLFCN_H 1
| #define TIME_WITH_SYS_TIME 1
| #define HAVE_STRUCT_TIMEVAL 1
| #define inline __attribute__ ((__always_inline__))
| #define HAVE_BUILTIN_EXPECT
| /* end confdefs.h.  */
| #include <sys/types.h>
| #include <signal.h>
| 
| int
| main ()
| {
| return *(signal (0, 0)) (0) == 1;
|   ;
|   return 0;
| }
configure:24728: result: void
configure:24743: checking for special C compiler options needed for large files
configure:24836: result: no
configure:24842: checking for _FILE_OFFSET_BITS value needed for large files
configure:24877: gcc -c -g -O2  conftest.c >&5
configure:24883: $? = 0
configure:24951: result: no
configure:25092: checking for gettimeofday
configure:25148: gcc -o conftest -g -O2   conftest.c  >&5
configure:25154: $? = 0
configure:25172: result: yes
configure:25092: checking for ftime
configure:25148: gcc -o conftest -g -O2   conftest.c  >&5
configure:25154: $? = 0
configure:25172: result: yes
configure:25221: checking for X
configure:25336: gcc -E  conftest.c
configure:25342: $? = 0
configure:25391: gcc -o conftest -g -O2   conftest.c -lX11  >&5
configure:25397: $? = 0
configure:25456: result: libraries , headers 
configure:25617: gcc -o conftest -g -O2   conftest.c   -lX11 >&5
configure:25623: $? = 0
configure:25780: checking for gethostbyname
configure:25836: gcc -o conftest -g -O2   conftest.c  >&5
configure:25842: $? = 0
configure:25859: result: yes
configure:26004: checking for connect
configure:26060: gcc -o conftest -g -O2   conftest.c  >&5
configure:26066: $? = 0
configure:26083: result: yes
configure:26155: checking for remove
configure:26211: gcc -o conftest -g -O2   conftest.c  >&5
configure:26217: $? = 0
configure:26234: result: yes
configure:26306: checking for shmat
configure:26362: gcc -o conftest -g -O2   conftest.c  >&5
configure:26368: $? = 0
configure:26385: result: yes
configure:26466: checking for IceConnectionNumber in -lICE
configure:26501: gcc -o conftest -g -O2   conftest.c -lICE   >&5
configure:26507: $? = 0
configure:26525: result: yes
configure:26536: checking for XShmCreateImage in -lXext
configure:26571: gcc -o conftest -g -O2   conftest.c -lXext  -lSM -lICE   -lX11  >&5
configure:26577: $? = 0
configure:26595: result: yes
configure:26605: checking for XvShmCreateImage in -lXv
configure:26640: gcc -o conftest -g -O2   conftest.c -lXv  -lSM -lICE   -lXext -lX11  >&5
configure:26646: $? = 0
configure:26664: result: yes
configure:26695: checking ddraw.h usability
configure:26712: gcc -c -g -O2  conftest.c >&5
conftest.c:68:10: fatal error: ddraw.h: No such file or directory
   68 | #include <ddraw.h>
      |          ^~~~~~~~~
compilation terminated.
configure:26718: $? = 1
configure: failed program was:
| /* confdefs.h.  */
| #define PACKAGE_NAME "libmpeg2"
| #define PACKAGE_TARNAME "libmpeg2"
| #define PACKAGE_VERSION "0.5.1"
| #define PACKAGE_STRING "libmpeg2 0.5.1"
| #define PACKAGE_BUGREPORT ""
| #define PACKAGE "libmpeg2"
| #define VERSION "0.5.1"
| #define STDC_HEADERS 1
| #define HAVE_SYS_TYPES_H 1
| #define HAVE_SYS_STAT_H 1
| #define HAVE_STDLIB_H 1
| #define HAVE_STRING_H 1
| #define HAVE_MEMORY_H 1
| #define HAVE_STRINGS_H 1
| #define HAVE_INTTYPES_H 1
| #define HAVE_STDINT_H 1
| #define HAVE_UNISTD_H 1
| #define HAVE_SYS_TIME_H 1
| #define HAVE_TIME_H 1
| #define HAVE_SYS_TIMEB_H 1
| #define ARCH_X86
| #define HAVE_DLFCN_H 1
| #define TIME_WITH_SYS_TIME 1
| #define HAVE_STRUCT_TIMEVAL 1
| #define inline __attribute__ ((__always_inline__))
| #define HAVE_BUILTIN_EXPECT
| #define RETSIGTYPE void
| #define HAVE_GETTIMEOFDAY 1
| #define HAVE_FTIME 1
| #define ACCEL_DETECT
| #define LIBVO_X11
| #define LIBVO_XV
| /* end confdefs.h.  */
| #include <stdio.h>
| #ifdef HAVE_SYS_TYPES_H
| # include <sys/types.h>
| #endif
| #ifdef HAVE_SYS_STAT_H
| # include <sys/stat.h>
| #endif
| #ifdef STDC_HEADERS
| # include <stdlib.h>
| # include <stddef.h>
| #else
| # ifdef HAVE_STDLIB_H
| #  include <stdlib.h>
| # endif
| #endif
| #ifdef HAVE_STRING_H
| # if !defined STDC_HEADERS && defined HAVE_MEMORY_H
| #  include <memory.h>
| # endif
| # include <string.h>
| #endif
| #ifdef HAVE_STRINGS_H
| # include <strings.h>
| #endif
| #ifdef HAVE_INTTYPES_H
| # include <inttypes.h>
| #endif
| #ifdef HAVE_STDINT_H
| # include <stdint.h>
| #endif
| #ifdef HAVE_UNISTD_H
| # include <unistd.h>
| #endif
| #include <ddraw.h>
configure:26732: result: no
configure:26736: checking ddraw.h presence
configure:26751: gcc -E  conftest.c
conftest.c:35:10: fatal error: ddraw.h: No such file or directory
   35 | #include <ddraw.h>
      |          ^~~~~~~~~
compilation terminated.
configure:26757: $? = 1
configure: failed program was:
| /* confdefs.h.  */
| #define PACKAGE_NAME "libmpeg2"
| #define PACKAGE_TARNAME "libmpeg2"
| #define PACKAGE_VERSION "0.5.1"
| #define PACKAGE_STRING "libmpeg2 0.5.1"
| #define PACKAGE_BUGREPORT ""
| #define PACKAGE "libmpeg2"
| #define VERSION "0.5.1"
| #define STDC_HEADERS 1
| #define HAVE_SYS_TYPES_H 1
| #define HAVE_SYS_STAT_H 1
| #define HAVE_STDLIB_H 1
| #define HAVE_STRING_H 1
| #define HAVE_MEMORY_H 1
| #define HAVE_STRINGS_H 1
| #define HAVE_INTTYPES_H 1
| #define HAVE_STDINT_H 1
| #define HAVE_UNISTD_H 1
| #define HAVE_SYS_TIME_H 1
| #define HAVE_TIME_H 1
| #define HAVE_SYS_TIMEB_H 1
| #define ARCH_X86
| #define HAVE_DLFCN_H 1
| #define TIME_WITH_SYS_TIME 1
| #define HAVE_STRUCT_TIMEVAL 1
| #define inline __attribute__ ((__always_inline__))
| #define HAVE_BUILTIN_EXPECT
| #define RETSIGTYPE void
| #define HAVE_GETTIMEOFDAY 1
| #define HAVE_FTIME 1
| #define ACCEL_DETECT
| #define LIBVO_X11
| #define LIBVO_XV
| /* end confdefs.h.  */
| #include <ddraw.h>
configure:26771: result: no
configure:26799: checking for ddraw.h
configure:26806: result: no
configure:26844: checking for sdl-config
configure:26874: result: no
configure:26978: checking __attribute__ ((aligned ())) support
configure:27015: gcc -c -g -O2 -Werror  conftest.c >&5
configure:27021: $? = 0
configure:27015: gcc -c -g -O2 -Werror  conftest.c >&5
configure:27021: $? = 0
configure:27015: gcc -c -g -O2 -Werror  conftest.c >&5
configure:27021: $? = 0
configure:27015: gcc -c -g -O2 -Werror  conftest.c >&5
configure:27021: $? = 0
configure:27015: gcc -c -g -O2 -Werror  conftest.c >&5
configure:27021: $? = 0
configure:27015: gcc -c -g -O2 -Werror  conftest.c >&5
configure:27021: $? = 0
configure:27037: result: 64
configure:27182: creating ./config.status

## ---------------------- ##
## Running config.status. ##
## ---------------------- ##

This file was extended by libmpeg2 config.status 0.5.1, which was
generated by GNU Autoconf 2.61.  Invocation command line was

  CONFIG_FILES    = 
  CONFIG_HEADERS  = 
  CONFIG_LINKS    = 
  CONFIG_COMMANDS = 
  $ ./config.status 

on matt-archbook

config.status:719: creating Makefile
config.status:719: creating include/Makefile
config.status:719: creating test/Makefile
config.status:719: creating doc/Makefile
config.status:719: creating src/Makefile
config.status:719: creating libmpeg2/Makefile
config.status:719: creating libmpeg2/convert/Makefile
config.status:719: creating libvo/Makefile
config.status:719: creating vc++/Makefile
config.status:719: creating libmpeg2/libmpeg2.pc
config.status:719: creating libmpeg2/convert/libmpeg2convert.pc
config.status:719: creating include/config.h
config.status:1008: executing depfiles commands

## ---------------- ##
## Cache variables. ##
## ---------------- ##

ac_cv_always_inline=yes
ac_cv_build=x86_64-unknown-linux-gnu
ac_cv_builtin_expect=yes
ac_cv_c_attr_align_try=64
ac_cv_c_attribute_aligned=64
ac_cv_c_bigendian=no
ac_cv_c_compiler_gnu=yes
ac_cv_c_const=yes
ac_cv_c_inline=inline
ac_cv_c_restrict=restrict
ac_cv_c_volatile=yes
ac_cv_cxx_compiler_gnu=yes
ac_cv_env_CCASFLAGS_set=
ac_cv_env_CCASFLAGS_value=
ac_cv_env_CCAS_set=
ac_cv_env_CCAS_value=
ac_cv_env_CCC_set=
ac_cv_env_CCC_value=
ac_cv_env_CC_set=
ac_cv_env_CC_value=
ac_cv_env_CFLAGS_set=
ac_cv_env_CFLAGS_value=
ac_cv_env_CPPFLAGS_set=
ac_cv_env_CPPFLAGS_value=
ac_cv_env_CPP_set=
ac_cv_env_CPP_value=
ac_cv_env_CXXCPP_set=
ac_cv_env_CXXCPP_value=
ac_cv_env_CXXFLAGS_set=
ac_cv_env_CXXFLAGS_value=
ac_cv_env_CXX_set=
ac_cv_env_CXX_value=
ac_cv_env_F77_set=
ac_cv_env_F77_value=
ac_cv_env_FFLAGS_set=
ac_cv_env_FFLAGS_value=
ac_cv_env_LDFLAGS_set=
ac_cv_env_LDFLAGS_value=
ac_cv_env_LIBS_set=
ac_cv_env_LIBS_value=
ac_cv_env_XMKMF_set=
ac_cv_env_XMKMF_value=
ac_cv_env_build_alias_set=
ac_cv_env_build_alias_value=
ac_cv_env_host_alias_set=
ac_cv_env_host_alias_value=
ac_cv_env_target_alias_set=
ac_cv_env_target_alias_value=
ac_cv_f77_compiler_gnu=no
ac_cv_func_connect=yes
ac_cv_func_ftime=yes
ac_cv_func_gethostbyname=yes
ac_cv_func_gettimeofday=yes
ac_cv_func_remove=yes
ac_cv_func_shmat=yes
ac_cv_have_x='have_x=yes	ac_x_includes='\'''\''	ac_x_libraries='\'''\'''
ac_cv_header_ddraw_h=no
ac_cv_header_dlfcn_h=yes
ac_cv_header_inttypes_h=yes
ac_cv_header_io_h=no
ac_cv_header_memory_h=yes
ac_cv_header_stdc=yes
ac_cv_header_stdint_h=yes
ac_cv_header_stdlib_h=yes
ac_cv_header_string_h=yes
ac_cv_header_strings_h=yes
ac_cv_header_sys_stat_h=yes
ac_cv_header_sys_time_h=yes
ac_cv_header_sys_timeb_h=yes
ac_cv_header_sys_types_h=yes
ac_cv_header_time=yes
ac_cv_header_time_h=yes
ac_cv_header_unistd_h=yes
ac_cv_host=x86_64-unknown-linux-gnu
ac_cv_lib_ICE_IceConnectionNumber=yes
ac_cv_lib_Xext_XShmCreateImage=yes
ac_cv_lib_Xv_XvShmCreateImage=yes
ac_cv_objext=o
ac_cv_path_EGREP='/usr/bin/grep -E'
ac_cv_path_GREP=/usr/bin/grep
ac_cv_path_install='/usr/bin/install -c'
ac_cv_path_mkdir=/usr/bin/mkdir
ac_cv_prog_AWK=gawk
ac_cv_prog_CPP='gcc -E'
ac_cv_prog_CXXCPP='g++ -E'
ac_cv_prog_ac_ct_AR=ar
ac_cv_prog_ac_ct_CC=gcc
ac_cv_prog_ac_ct_CXX=g++
ac_cv_prog_ac_ct_RANLIB=ranlib
ac_cv_prog_ac_ct_STRIP=strip
ac_cv_prog_cc_c89=
ac_cv_prog_cc_g=yes
ac_cv_prog_cxx_g=yes
ac_cv_prog_f77_g=no
ac_cv_prog_gcc_traditional=no
ac_cv_prog_make_make_set=yes
ac_cv_sys_file_offset_bits=no
ac_cv_sys_largefile_CC=no
ac_cv_try_cflags_ok=yes
ac_cv_type_signal=void
ac_cv_type_size_t=yes
ac_cv_type_struct_timeval=yes
am_cv_CCAS_dependencies_compiler_type=gcc3
am_cv_CC_dependencies_compiler_type=gcc3
am_cv_CXX_dependencies_compiler_type=gcc3
lt_cv_deplibs_check_method=pass_all
lt_cv_file_magic_cmd='$MAGIC_CMD'
lt_cv_file_magic_test_file=
lt_cv_ld_reload_flag=-r
lt_cv_objdir=.libs
lt_cv_path_LD=/usr/bin/ld
lt_cv_path_LDCXX='/usr/bin/ld -m elf_x86_64'
lt_cv_path_NM='/usr/bin/nm -B'
lt_cv_path_SED=/usr/bin/sed
lt_cv_prog_compiler_c_o=yes
lt_cv_prog_compiler_c_o_CXX=yes
lt_cv_prog_compiler_pic_works=yes
lt_cv_prog_compiler_pic_works_CXX=yes
lt_cv_prog_compiler_rtti_exceptions=no
lt_cv_prog_compiler_static_works=yes
lt_cv_prog_compiler_static_works_CXX=yes
lt_cv_prog_gnu_ld=yes
lt_cv_prog_gnu_ldcxx=yes
lt_cv_sys_global_symbol_pipe='sed -n -e '\''s/^.*[ 	]\([ABCDGIRSTW][ABCDGIRSTW]*\)[ 	][ 	]*\([_A-Za-z][_A-Za-z0-9]*\)$/\1 \2 \2/p'\'''
lt_cv_sys_global_symbol_to_c_name_address='sed -n -e '\''s/^: \([^ ]*\) $/  {\"\1\", (lt_ptr) 0},/p'\'' -e '\''s/^[BCDEGRST] \([^ ]*\) \([^ ]*\)$/  {"\2", (lt_ptr) \&\2},/p'\'''
lt_cv_sys_global_symbol_to_cdecl='sed -n -e '\''s/^. .* \(.*\)$/extern int \1;/p'\'''
lt_cv_sys_lib_dlsearch_path_spec='/lib /usr/lib /opt/cuda/lib64 /opt/cuda/nvvm/lib64 /opt/cuda/extras/CUPTI/lib64 /usr/lib/libfakeroot /usr/lib32 /usr/lib/opencollada /usr/lib/openmpi '
lt_cv_sys_lib_search_path_spec='/usr/lib/gcc/x86_64-pc-linux-gnu/10.2.0 /usr/lib /lib'
lt_cv_sys_max_cmd_len=1572864
lt_lt_cv_prog_compiler_c_o='"yes"'
lt_lt_cv_prog_compiler_c_o_CXX='"yes"'
lt_lt_cv_sys_global_symbol_pipe='"sed -n -e '\''s/^.*[ 	]\\([ABCDGIRSTW][ABCDGIRSTW]*\\)[ 	][ 	]*\\([_A-Za-z][_A-Za-z0-9]*\\)\$/\\1 \\2 \\2/p'\''"'
lt_lt_cv_sys_global_symbol_to_c_name_address='"sed -n -e '\''s/^: \\([^ ]*\\) \$/  {\\\"\\1\\\", (lt_ptr) 0},/p'\'' -e '\''s/^[BCDEGRST] \\([^ ]*\\) \\([^ ]*\\)\$/  {\"\\2\", (lt_ptr) \\&\\2},/p'\''"'
lt_lt_cv_sys_global_symbol_to_cdecl='"sed -n -e '\''s/^. .* \\(.*\\)\$/extern int \\1;/p'\''"'

## ----------------- ##
## Output variables. ##
## ----------------- ##

ACLOCAL='${SHELL} /home/mattrouss/EPITA/ING3/TVID/tp2/tools/mpeg2dec/.auto/missing --run aclocal-1.10'
AMDEPBACKSLASH='\'
AMDEP_FALSE='#'
AMDEP_TRUE=''
AMTAR='${SHELL} /home/mattrouss/EPITA/ING3/TVID/tp2/tools/mpeg2dec/.auto/missing --run tar'
AM_CPPFLAGS='-I$(top_srcdir)/include -I$(top_builddir)/include'
AR='ar'
ARCH_ARM_FALSE=''
ARCH_ARM_TRUE='#'
ARCH_OPT_CFLAGS=''
AS='as'
AUTOCONF='${SHELL} /home/mattrouss/EPITA/ING3/TVID/tp2/tools/mpeg2dec/.auto/missing --run autoconf'
AUTOHEADER='${SHELL} /home/mattrouss/EPITA/ING3/TVID/tp2/tools/mpeg2dec/.auto/missing --run autoheader'
AUTOMAKE='${SHELL} /home/mattrouss/EPITA/ING3/TVID/tp2/tools/mpeg2dec/.auto/missing --run automake-1.10'
AWK='gawk'
CC='gcc'
CCAS='gcc'
CCASDEPMODE='depmode=gcc3'
CCASFLAGS='-g -O2'
CCDEPMODE='depmode=gcc3'
CFLAGS='-g -O2'
CPP='gcc -E'
CPPFLAGS=''
CXX='g++'
CXXCPP='g++ -E'
CXXDEPMODE='depmode=gcc3'
CXXFLAGS='-g -O2'
CYGPATH_W='echo'
DEFS='-DHAVE_CONFIG_H'
DEPDIR='.deps'
DLLTOOL='dlltool'
DSYMUTIL=''
ECHO='echo'
ECHO_C=''
ECHO_N='-n'
ECHO_T=''
EGREP='/usr/bin/grep -E'
EXEEXT=''
F77=''
FFLAGS=''
GREP='/usr/bin/grep'
INSTALL_DATA='${INSTALL} -m 644'
INSTALL_PROGRAM='${INSTALL}'
INSTALL_SCRIPT='${INSTALL}'
INSTALL_STRIP_PROGRAM='$(install_sh) -c -s'
LDFLAGS=''
LIBMPEG2_CFLAGS=''
LIBOBJS=''
LIBS=''
LIBTOOL='$(SHELL) $(top_builddir)/libtool'
LIBVO_CFLAGS=' '
LIBVO_LIBS='  -lSM -lICE   -lXext -lX11 -lXv'
LN_S='ln -s'
LTLIBOBJS=''
MAINT='#'
MAINTAINER_MODE_FALSE=''
MAINTAINER_MODE_TRUE='#'
MAKEINFO='${SHELL} /home/mattrouss/EPITA/ING3/TVID/tp2/tools/mpeg2dec/.auto/missing --run makeinfo'
MPEG2DEC_CFLAGS=' -Wall -Wpointer-arith -Wcast-align -Wcast-qual -Wstrict-prototypes -Wshadow -Waggregate-return -Wmissing-prototypes -Wnested-externs -Wsign-compare -g  -O3 -fomit-frame-pointer -fno-common'
NMEDIT=''
OBJDUMP='objdump'
OBJEXT='o'
OPT_CFLAGS=' -Wall -Wpointer-arith -Wcast-align -Wcast-qual -Wstrict-prototypes -Wshadow -Waggregate-return -Wmissing-prototypes -Wnested-externs -Wsign-compare -g  -O3 -fomit-frame-pointer -fno-common'
PACKAGE='libmpeg2'
PACKAGE_BUGREPORT=''
PACKAGE_NAME='libmpeg2'
PACKAGE_STRING='libmpeg2 0.5.1'
PACKAGE_TARNAME='libmpeg2'
PACKAGE_VERSION='0.5.1'
PATH_SEPARATOR=':'
RANLIB='ranlib'
SDLCONFIG=''
SED='/usr/bin/sed'
SET_MAKE=''
SHELL='/bin/sh'
STRIP='strip'
VERSION='0.5.1'
XMKMF=''
X_CFLAGS=''
X_EXTRA_LIBS=''
X_LIBS=''
X_PRE_LIBS=' -lSM -lICE'
ac_ct_CC='gcc'
ac_ct_CXX='g++'
ac_ct_F77=''
am__fastdepCCAS_FALSE='#'
am__fastdepCCAS_TRUE=''
am__fastdepCC_FALSE='#'
am__fastdepCC_TRUE=''
am__fastdepCXX_FALSE='#'
am__fastdepCXX_TRUE=''
am__include='include'
am__isrc=''
am__leading_dot='.'
am__quote=''
am__tar='${AMTAR} chof - "$$tardir"'
am__untar='${AMTAR} xf -'
bindir='${exec_prefix}/bin'
build='x86_64-unknown-linux-gnu'
build_alias=''
build_cpu='x86_64'
build_os='linux-gnu'
build_vendor='unknown'
datadir='${datarootdir}'
datarootdir='${prefix}/share'
docdir='${datarootdir}/doc/${PACKAGE_TARNAME}'
dvidir='${docdir}'
exec_prefix='${prefix}'
host='x86_64-unknown-linux-gnu'
host_alias=''
host_cpu='x86_64'
host_os='linux-gnu'
host_vendor='unknown'
htmldir='${docdir}'
includedir='${prefix}/include'
infodir='${datarootdir}/info'
install_sh='$(SHELL) /home/mattrouss/EPITA/ING3/TVID/tp2/tools/mpeg2dec/.auto/install-sh'
libdir='${exec_prefix}/lib'
libexecdir='${exec_prefix}/libexec'
localedir='${datarootdir}/locale'
localstatedir='${prefix}/var'
mandir='${datarootdir}/man'
mkdir_p='/usr/bin/mkdir -p'
oldincludedir='/usr/include'
pdfdir='${docdir}'
prefix='/usr/local'
program_transform_name='s,x,x,'
psdir='${docdir}'
sbindir='${exec_prefix}/sbin'
sharedstatedir='${prefix}/com'
sysconfdir='${prefix}/etc'
target_alias=''

## ----------- ##
## confdefs.h. ##
## ----------- ##

#define PACKAGE_NAME "libmpeg2"
#define PACKAGE_TARNAME "libmpeg2"
#define PACKAGE_VERSION "0.5.1"
#define PACKAGE_STRING "libmpeg2 0.5.1"
#define PACKAGE_BUGREPORT ""
#define PACKAGE "libmpeg2"
#define VERSION "0.5.1"
#define STDC_HEADERS 1
#define HAVE_SYS_TYPES_H 1
#define HAVE_SYS_STAT_H 1
#define HAVE_STDLIB_H 1
#define HAVE_STRING_H 1
#define HAVE_MEMORY_H 1
#define HAVE_STRINGS_H 1
#define HAVE_INTTYPES_H 1
#define HAVE_STDINT_H 1
#define HAVE_UNISTD_H 1
#define HAVE_SYS_TIME_H 1
#define HAVE_TIME_H 1
#define HAVE_SYS_TIMEB_H 1
#define ARCH_X86
#define HAVE_DLFCN_H 1
#define TIME_WITH_SYS_TIME 1
#define HAVE_STRUCT_TIMEVAL 1
#define inline __attribute__ ((__always_inline__))
#define HAVE_BUILTIN_EXPECT
#define RETSIGTYPE void
#define HAVE_GETTIMEOFDAY 1
#define HAVE_FTIME 1
#define ACCEL_DETECT
#define LIBVO_X11
#define LIBVO_XV
#define ATTRIBUTE_ALIGNED_MAX 64

configure: exit 0
